Start testing: Sep 13 04:48 CEST
----------------------------------------------------------
1/1 Testing: tools_test
1/1 Test: tools_test
Command: "/home/christop/cpp/cpp02/header_source_sep/build/tests/tools_test"
Directory: /home/christop/cpp/cpp02/header_source_sep/build/tests
"tools_test" start time: Sep 13 04:48 CEST
Output:
----------------------------------------------------------
Running main() from /usr/src/gtest/src/gtest_main.cc
[==========] Running 2 tests from 1 test suite.
[----------] Global test environment set-up.
[----------] 2 tests from TestArrayEq
[ RUN      ] TestArrayEq.EqualArraysReturnTrue
[       OK ] TestArrayEq.EqualArraysReturnTrue (0 ms)
[ RUN      ] TestArrayEq.DifferentValueArraysReturnFalse
[       OK ] TestArrayEq.DifferentValueArraysReturnFalse (0 ms)
[----------] 2 tests from TestArrayEq (0 ms total)

[----------] Global test environment tear-down
[==========] 2 tests from 1 test suite ran. (0 ms total)
[  PASSED  ] 2 tests.
<end of output>
Test time =   0.00 sec
----------------------------------------------------------
Test Passed.
"tools_test" end time: Sep 13 04:48 CEST
"tools_test" time elapsed: 00:00:00
----------------------------------------------------------

End testing: Sep 13 04:48 CEST
